<?xml version="1.0" encoding="UTF-8"?>
<!-- Generated by org.testng.reporters.JUnitReportReporter -->
<testsuite hostname="DESKTOP-AF71NMN" name="com.api.tests.TestPUTUpdatePetStatus" tests="3" failures="0" timestamp="27 Oct 2020 05:13:02 GMT" time="0.025" errors="0">
  <testcase name="validateResponseStatusToBeSold" time="0.009" classname="com.api.tests.TestPUTUpdatePetStatus"/>
  <testcase name="validateStatusCodeToBE200" time="0.003" classname="com.api.tests.TestPUTUpdatePetStatus"/>
  <testcase name="validateResponseIDToEqualToRequestID" time="0.013" classname="com.api.tests.TestPUTUpdatePetStatus"/>
</testsuite> <!-- com.api.tests.TestPUTUpdatePetStatus -->
