<?xml version="1.0" encoding="UTF-8"?>
<!-- Generated by org.testng.reporters.JUnitReportReporter -->
<testsuite hostname="DESKTOP-AF71NMN" name="com.api.tests.TestDELETEPet" tests="2" failures="0" timestamp="27 Oct 2020 05:13:02 GMT" time="1.016" errors="0">
  <testcase name="validateMessageInResponse" time="1.014" classname="com.api.tests.TestDELETEPet"/>
  <testcase name="validateStatusCodeToBE200" time="0.002" classname="com.api.tests.TestDELETEPet"/>
</testsuite> <!-- com.api.tests.TestDELETEPet -->
