<?xml version="1.0" encoding="UTF-8"?>
<!-- Generated by org.testng.reporters.JUnitReportReporter -->
<testsuite hostname="DESKTOP-AF71NMN" name="com.api.tests.TestGETAllAvailablePets" tests="3" failures="0" timestamp="27 Oct 2020 05:13:02 GMT" time="0.025" errors="0">
  <testcase name="validateResponseIsNotNull" time="0.006" classname="com.api.tests.TestGETAllAvailablePets"/>
  <testcase name="validateStatusCodeToBE200" time="0.014" classname="com.api.tests.TestGETAllAvailablePets"/>
  <testcase name="validateResponseIsNotEmpty" time="0.005" classname="com.api.tests.TestGETAllAvailablePets"/>
</testsuite> <!-- com.api.tests.TestGETAllAvailablePets -->
