<?xml version="1.0" encoding="UTF-8"?>
<!-- Generated by org.testng.reporters.JUnitReportReporter -->
<testsuite hostname="DESKTOP-AF71NMN" name="com.api.tests.TestPOSTNewAvailablePet" tests="2" failures="0" timestamp="27 Oct 2020 05:13:02 GMT" time="0.017" errors="0">
  <testcase name="validateResponseIDToEqualToRequestID" time="0.015" classname="com.api.tests.TestPOSTNewAvailablePet"/>
  <testcase name="validateStatusCodeToBE200" time="0.002" classname="com.api.tests.TestPOSTNewAvailablePet"/>
</testsuite> <!-- com.api.tests.TestPOSTNewAvailablePet -->
